<?xml version="1.0" encoding="UTF-8"?>
<coverage generated="1648173676187" clover="3.2.0">
  <project timestamp="1648173676187" name="All files">
    <metrics statements="41" coveredstatements="27" conditionals="20" coveredconditionals="10" methods="16" coveredmethods="6" elements="77" coveredelements="43" complexity="0" loc="41" ncloc="41" packages="6" files="9" classes="9"/>
    <package name="components.common.Header">
      <metrics statements="5" coveredstatements="3" conditionals="4" coveredconditionals="0" methods="2" coveredmethods="1"/>
      <file name="index.js" path="C:\Users\Rizky_P428\Documents\cdc-bootcamp-management-app\container\src\components\common\Header\index.js">
        <metrics statements="5" coveredstatements="3" conditionals="4" coveredconditionals="0" methods="2" coveredmethods="1"/>
        <line num="11" count="1" type="stmt"/>
        <line num="13" count="1" type="stmt"/>
        <line num="14" count="0" type="cond" truecount="0" falsecount="4"/>
        <line num="15" count="0" type="stmt"/>
        <line num="19" count="1" type="stmt"/>
      </file>
    </package>
    <package name="pages.Dashboard">
      <metrics statements="18" coveredstatements="10" conditionals="6" coveredconditionals="5" methods="11" coveredmethods="2"/>
      <file name="Dashboard.js" path="C:\Users\Rizky_P428\Documents\cdc-bootcamp-management-app\container\src\pages\Dashboard\Dashboard.js">
        <metrics statements="18" coveredstatements="10" conditionals="6" coveredconditionals="5" methods="11" coveredmethods="2"/>
        <line num="27" count="1" type="stmt"/>
        <line num="29" count="0" type="stmt"/>
        <line num="41" count="1" type="stmt"/>
        <line num="43" count="1" type="stmt"/>
        <line num="123" count="1" type="stmt"/>
        <line num="124" count="1" type="stmt"/>
        <line num="125" count="1" type="stmt"/>
        <line num="126" count="0" type="stmt"/>
        <line num="128" count="1" type="stmt"/>
        <line num="129" count="0" type="stmt"/>
        <line num="131" count="1" type="stmt"/>
        <line num="134" count="1" type="stmt"/>
        <line num="185" count="1" type="stmt"/>
        <line num="243" count="0" type="stmt"/>
        <line num="247" count="0" type="stmt"/>
        <line num="251" count="0" type="stmt"/>
        <line num="253" count="0" type="stmt"/>
        <line num="254" count="0" type="stmt"/>
      </file>
      <file name="index.js" path="C:\Users\Rizky_P428\Documents\cdc-bootcamp-management-app\container\src\pages\Dashboard\index.js">
        <metrics statements="0" coveredstatements="0" conditionals="0" coveredconditionals="0" methods="0" coveredmethods="0"/>
      </file>
    </package>
    <package name="redux">
      <metrics statements="1" coveredstatements="1" conditionals="0" coveredconditionals="0" methods="0" coveredmethods="0"/>
      <file name="rootReducer.js" path="C:\Users\Rizky_P428\Documents\cdc-bootcamp-management-app\container\src\redux\rootReducer.js">
        <metrics statements="1" coveredstatements="1" conditionals="0" coveredconditionals="0" methods="0" coveredmethods="0"/>
        <line num="4" count="1" type="stmt"/>
      </file>
    </package>
    <package name="redux.dashboard">
      <metrics statements="10" coveredstatements="7" conditionals="5" coveredconditionals="2" methods="1" coveredmethods="1"/>
      <file name="dashboardReducer.js" path="C:\Users\Rizky_P428\Documents\cdc-bootcamp-management-app\container\src\redux\dashboard\dashboardReducer.js">
        <metrics statements="7" coveredstatements="4" conditionals="5" coveredconditionals="2" methods="1" coveredmethods="1"/>
        <line num="3" count="1" type="stmt"/>
        <line num="15" count="1" type="cond" truecount="1" falsecount="0"/>
        <line num="16" count="3" type="cond" truecount="1" falsecount="3"/>
        <line num="18" count="0" type="stmt"/>
        <line num="26" count="0" type="stmt"/>
        <line num="34" count="0" type="stmt"/>
        <line num="42" count="3" type="stmt"/>
      </file>
      <file name="dashboardReducerTypes.js" path="C:\Users\Rizky_P428\Documents\cdc-bootcamp-management-app\container\src\redux\dashboard\dashboardReducerTypes.js">
        <metrics statements="3" coveredstatements="3" conditionals="0" coveredconditionals="0" methods="0" coveredmethods="0"/>
        <line num="1" count="1" type="stmt"/>
        <line num="2" count="1" type="stmt"/>
        <line num="3" count="1" type="stmt"/>
      </file>
    </package>
    <package name="redux.generalReducer">
      <metrics statements="6" coveredstatements="5" conditionals="3" coveredconditionals="2" methods="1" coveredmethods="1"/>
      <file name="generalReducer.js" path="C:\Users\Rizky_P428\Documents\cdc-bootcamp-management-app\container\src\redux\generalReducer\generalReducer.js">
        <metrics statements="5" coveredstatements="4" conditionals="3" coveredconditionals="2" methods="1" coveredmethods="1"/>
        <line num="3" count="1" type="stmt"/>
        <line num="7" count="1" type="cond" truecount="1" falsecount="0"/>
        <line num="8" count="3" type="cond" truecount="1" falsecount="1"/>
        <line num="10" count="0" type="stmt"/>
        <line num="18" count="3" type="stmt"/>
      </file>
      <file name="generalReducerTypes.js" path="C:\Users\Rizky_P428\Documents\cdc-bootcamp-management-app\container\src\redux\generalReducer\generalReducerTypes.js">
        <metrics statements="1" coveredstatements="1" conditionals="0" coveredconditionals="0" methods="0" coveredmethods="0"/>
        <line num="1" count="1" type="stmt"/>
      </file>
    </package>
    <package name="styles">
      <metrics statements="1" coveredstatements="1" conditionals="2" coveredconditionals="1" methods="1" coveredmethods="1"/>
      <file name="globalStyles.js" path="C:\Users\Rizky_P428\Documents\cdc-bootcamp-management-app\container\src\styles\globalStyles.js">
        <metrics statements="1" coveredstatements="1" conditionals="2" coveredconditionals="1" methods="1" coveredmethods="1"/>
        <line num="3" count="1" type="stmt"/>
      </file>
    </package>
  </project>
</coverage>
