{"C:\\Users\\Rizky_P428\\Documents\\cdc-bootcamp-management-app\\container\\src\\components\\common\\Header\\index.js": {"path":"C:\\Users\\Rizky_P428\\Documents\\cdc-bootcamp-management-app\\container\\src\\components\\common\\Header\\index.js","statementMap":{"0":{"start":{"line":11,"column":18},"end":{"line":11,"column":32}},"1":{"start":{"line":13,"column":18},"end":{"line":17,"column":3}},"2":{"start":{"line":14,"column":4},"end":{"line":16,"column":5}},"3":{"start":{"line":15,"column":6},"end":{"line":15,"column":18}},"4":{"start":{"line":19,"column":2},"end":{"line":58,"column":4}}},"fnMap":{"0":{"name":"Header","decl":{"start":{"line":10,"column":24},"end":{"line":10,"column":30}},"loc":{"start":{"line":10,"column":58},"end":{"line":59,"column":1}},"line":10},"1":{"name":"(anonymous_1)","decl":{"start":{"line":13,"column":18},"end":{"line":13,"column":19}},"loc":{"start":{"line":13,"column":24},"end":{"line":17,"column":3}},"line":13}},"branchMap":{"0":{"loc":{"start":{"line":14,"column":4},"end":{"line":16,"column":5}},"type":"if","locations":[{"start":{"line":14,"column":4},"end":{"line":16,"column":5}},{"start":{"line":14,"column":4},"end":{"line":16,"column":5}}],"line":14},"1":{"loc":{"start":{"line":14,"column":8},"end":{"line":14,"column":31}},"type":"binary-expr","locations":[{"start":{"line":14,"column":8},"end":{"line":14,"column":18}},{"start":{"line":14,"column":22},"end":{"line":14,"column":31}}],"line":14}},"s":{"0":1,"1":1,"2":0,"3":0,"4":1},"f":{"0":1,"1":0},"b":{"0":[0,0],"1":[0,0]},"_coverageSchema":"43e27e138ebf9cfc5966b082cf9a028302ed4184","hash":"d7a8636350eaba052dc88ab1591b5083065c071b"}
,"C:\\Users\\Rizky_P428\\Documents\\cdc-bootcamp-management-app\\container\\src\\pages\\Dashboard\\Dashboard.js": {"path":"C:\\Users\\Rizky_P428\\Documents\\cdc-bootcamp-management-app\\container\\src\\pages\\Dashboard\\Dashboard.js","statementMap":{"0":{"start":{"line":27,"column":18},"end":{"line":27,"column":55}},"1":{"start":{"line":27,"column":29},"end":{"line":27,"column":54}},"2":{"start":{"line":29,"column":2},"end":{"line":38,"column":4}},"3":{"start":{"line":41,"column":20},"end":{"line":41,"column":23}},"4":{"start":{"line":43,"column":18},"end":{"line":120,"column":3}},"5":{"start":{"line":43,"column":41},"end":{"line":120,"column":1}},"6":{"start":{"line":123,"column":18},"end":{"line":123,"column":29}},"7":{"start":{"line":124,"column":26},"end":{"line":124,"column":46}},"8":{"start":{"line":125,"column":27},"end":{"line":127,"column":3}},"9":{"start":{"line":126,"column":4},"end":{"line":126,"column":18}},"10":{"start":{"line":128,"column":28},"end":{"line":130,"column":3}},"11":{"start":{"line":129,"column":4},"end":{"line":129,"column":19}},"12":{"start":{"line":131,"column":27},"end":{"line":131,"column":67}},"13":{"start":{"line":134,"column":4},"end":{"line":182,"column":10}},"14":{"start":{"line":185,"column":2},"end":{"line":260,"column":4}},"15":{"start":{"line":243,"column":30},"end":{"line":243,"column":43}},"16":{"start":{"line":247,"column":30},"end":{"line":247,"column":57}},"17":{"start":{"line":251,"column":30},"end":{"line":251,"column":57}},"18":{"start":{"line":253,"column":48},"end":{"line":253,"column":71}},"19":{"start":{"line":254,"column":49},"end":{"line":254,"column":73}}},"fnMap":{"0":{"name":"(anonymous_0)","decl":{"start":{"line":27,"column":23},"end":{"line":27,"column":24}},"loc":{"start":{"line":27,"column":29},"end":{"line":27,"column":54}},"line":27},"1":{"name":"Copyright","decl":{"start":{"line":28,"column":9},"end":{"line":28,"column":18}},"loc":{"start":{"line":28,"column":21},"end":{"line":39,"column":1}},"line":28},"2":{"name":"(anonymous_2)","decl":{"start":{"line":43,"column":29},"end":{"line":43,"column":30}},"loc":{"start":{"line":43,"column":41},"end":{"line":120,"column":1}},"line":43},"3":{"name":"Dashboard","decl":{"start":{"line":122,"column":24},"end":{"line":122,"column":33}},"loc":{"start":{"line":122,"column":36},"end":{"line":261,"column":1}},"line":122},"4":{"name":"(anonymous_4)","decl":{"start":{"line":125,"column":27},"end":{"line":125,"column":28}},"loc":{"start":{"line":125,"column":33},"end":{"line":127,"column":3}},"line":125},"5":{"name":"(anonymous_5)","decl":{"start":{"line":128,"column":28},"end":{"line":128,"column":29}},"loc":{"start":{"line":128,"column":34},"end":{"line":130,"column":3}},"line":128},"6":{"name":"(anonymous_6)","decl":{"start":{"line":243,"column":24},"end":{"line":243,"column":25}},"loc":{"start":{"line":243,"column":30},"end":{"line":243,"column":43}},"line":243},"7":{"name":"(anonymous_7)","decl":{"start":{"line":247,"column":24},"end":{"line":247,"column":25}},"loc":{"start":{"line":247,"column":30},"end":{"line":247,"column":57}},"line":247},"8":{"name":"(anonymous_8)","decl":{"start":{"line":251,"column":24},"end":{"line":251,"column":25}},"loc":{"start":{"line":251,"column":30},"end":{"line":251,"column":57}},"line":251},"9":{"name":"(anonymous_9)","decl":{"start":{"line":253,"column":42},"end":{"line":253,"column":43}},"loc":{"start":{"line":253,"column":48},"end":{"line":253,"column":71}},"line":253},"10":{"name":"(anonymous_10)","decl":{"start":{"line":254,"column":43},"end":{"line":254,"column":44}},"loc":{"start":{"line":254,"column":49},"end":{"line":254,"column":73}},"line":254}},"branchMap":{"0":{"loc":{"start":{"line":190,"column":40},"end":{"line":190,"column":67}},"type":"binary-expr","locations":[{"start":{"line":190,"column":40},"end":{"line":190,"column":44}},{"start":{"line":190,"column":48},"end":{"line":190,"column":67}}],"line":190},"1":{"loc":{"start":{"line":200,"column":14},"end":{"line":200,"column":46}},"type":"binary-expr","locations":[{"start":{"line":200,"column":14},"end":{"line":200,"column":18}},{"start":{"line":200,"column":22},"end":{"line":200,"column":46}}],"line":200},"2":{"loc":{"start":{"line":225,"column":45},"end":{"line":225,"column":78}},"type":"binary-expr","locations":[{"start":{"line":225,"column":45},"end":{"line":225,"column":50}},{"start":{"line":225,"column":54},"end":{"line":225,"column":78}}],"line":225}},"s":{"0":1,"1":0,"2":0,"3":1,"4":1,"5":1,"6":1,"7":1,"8":1,"9":0,"10":1,"11":0,"12":1,"13":1,"14":1,"15":0,"16":0,"17":0,"18":0,"19":0},"f":{"0":0,"1":0,"2":1,"3":1,"4":0,"5":0,"6":0,"7":0,"8":0,"9":0,"10":0},"b":{"0":[1,1],"1":[1,1],"2":[1,0]},"_coverageSchema":"43e27e138ebf9cfc5966b082cf9a028302ed4184","hash":"ed8f12b28ac1bef20d493f8961b193d86a059bec"}
,"C:\\Users\\Rizky_P428\\Documents\\cdc-bootcamp-management-app\\container\\src\\pages\\Dashboard\\index.js": {"path":"C:\\Users\\Rizky_P428\\Documents\\cdc-bootcamp-management-app\\container\\src\\pages\\Dashboard\\index.js","statementMap":{},"fnMap":{},"branchMap":{},"s":{},"f":{},"b":{},"_coverageSchema":"43e27e138ebf9cfc5966b082cf9a028302ed4184","hash":"cf23392e4df808648f66ab81da127df3f815776e"}
,"C:\\Users\\Rizky_P428\\Documents\\cdc-bootcamp-management-app\\container\\src\\redux\\rootReducer.js": {"path":"C:\\Users\\Rizky_P428\\Documents\\cdc-bootcamp-management-app\\container\\src\\redux\\rootReducer.js","statementMap":{"0":{"start":{"line":4,"column":20},"end":{"line":7,"column":2}}},"fnMap":{},"branchMap":{},"s":{"0":1},"f":{},"b":{},"_coverageSchema":"43e27e138ebf9cfc5966b082cf9a028302ed4184","hash":"79ca32e2acb2442e88fc008c290a9145df4155b6"}
,"C:\\Users\\Rizky_P428\\Documents\\cdc-bootcamp-management-app\\container\\src\\redux\\dashboard\\dashboardReducer.js": {"path":"C:\\Users\\Rizky_P428\\Documents\\cdc-bootcamp-management-app\\container\\src\\redux\\dashboard\\dashboardReducer.js","statementMap":{"0":{"start":{"line":3,"column":21},"end":{"line":13,"column":1}},"1":{"start":{"line":15,"column":25},"end":{"line":44,"column":1}},"2":{"start":{"line":16,"column":2},"end":{"line":43,"column":3}},"3":{"start":{"line":18,"column":6},"end":{"line":24,"column":8}},"4":{"start":{"line":26,"column":6},"end":{"line":32,"column":8}},"5":{"start":{"line":34,"column":6},"end":{"line":40,"column":8}},"6":{"start":{"line":42,"column":6},"end":{"line":42,"column":19}}},"fnMap":{"0":{"name":"(anonymous_0)","decl":{"start":{"line":15,"column":25},"end":{"line":15,"column":26}},"loc":{"start":{"line":15,"column":59},"end":{"line":44,"column":1}},"line":15}},"branchMap":{"0":{"loc":{"start":{"line":15,"column":26},"end":{"line":15,"column":46}},"type":"default-arg","locations":[{"start":{"line":15,"column":34},"end":{"line":15,"column":46}}],"line":15},"1":{"loc":{"start":{"line":16,"column":2},"end":{"line":43,"column":3}},"type":"switch","locations":[{"start":{"line":17,"column":4},"end":{"line":24,"column":8}},{"start":{"line":25,"column":4},"end":{"line":32,"column":8}},{"start":{"line":33,"column":4},"end":{"line":40,"column":8}},{"start":{"line":41,"column":4},"end":{"line":42,"column":19}}],"line":16}},"s":{"0":1,"1":1,"2":3,"3":0,"4":0,"5":0,"6":3},"f":{"0":3},"b":{"0":[3],"1":[0,0,0,3]},"_coverageSchema":"43e27e138ebf9cfc5966b082cf9a028302ed4184","hash":"ceb6d87df8bb0159d111d8e691dacbb81eaeeb41"}
,"C:\\Users\\Rizky_P428\\Documents\\cdc-bootcamp-management-app\\container\\src\\redux\\dashboard\\dashboardReducerTypes.js": {"path":"C:\\Users\\Rizky_P428\\Documents\\cdc-bootcamp-management-app\\container\\src\\redux\\dashboard\\dashboardReducerTypes.js","statementMap":{"0":{"start":{"line":1,"column":37},"end":{"line":1,"column":60}},"1":{"start":{"line":2,"column":39},"end":{"line":2,"column":64}},"2":{"start":{"line":3,"column":39},"end":{"line":3,"column":64}}},"fnMap":{},"branchMap":{},"s":{"0":1,"1":1,"2":1},"f":{},"b":{},"_coverageSchema":"43e27e138ebf9cfc5966b082cf9a028302ed4184","hash":"0344a9334a97aad9775cdb2775a41e7308a6249b"}
,"C:\\Users\\Rizky_P428\\Documents\\cdc-bootcamp-management-app\\container\\src\\redux\\generalReducer\\generalReducer.js": {"path":"C:\\Users\\Rizky_P428\\Documents\\cdc-bootcamp-management-app\\container\\src\\redux\\generalReducer\\generalReducer.js","statementMap":{"0":{"start":{"line":3,"column":21},"end":{"line":5,"column":1}},"1":{"start":{"line":7,"column":23},"end":{"line":20,"column":1}},"2":{"start":{"line":8,"column":2},"end":{"line":19,"column":3}},"3":{"start":{"line":10,"column":6},"end":{"line":16,"column":8}},"4":{"start":{"line":18,"column":6},"end":{"line":18,"column":19}}},"fnMap":{"0":{"name":"(anonymous_0)","decl":{"start":{"line":7,"column":23},"end":{"line":7,"column":24}},"loc":{"start":{"line":7,"column":57},"end":{"line":20,"column":1}},"line":7}},"branchMap":{"0":{"loc":{"start":{"line":7,"column":24},"end":{"line":7,"column":44}},"type":"default-arg","locations":[{"start":{"line":7,"column":32},"end":{"line":7,"column":44}}],"line":7},"1":{"loc":{"start":{"line":8,"column":2},"end":{"line":19,"column":3}},"type":"switch","locations":[{"start":{"line":9,"column":4},"end":{"line":16,"column":8}},{"start":{"line":17,"column":4},"end":{"line":18,"column":19}}],"line":8}},"s":{"0":1,"1":1,"2":3,"3":0,"4":3},"f":{"0":3},"b":{"0":[3],"1":[0,3]},"_coverageSchema":"43e27e138ebf9cfc5966b082cf9a028302ed4184","hash":"e6f1f9393dad2a0407825d1d84fdc4f643f42f56"}
,"C:\\Users\\Rizky_P428\\Documents\\cdc-bootcamp-management-app\\container\\src\\redux\\generalReducer\\generalReducerTypes.js": {"path":"C:\\Users\\Rizky_P428\\Documents\\cdc-bootcamp-management-app\\container\\src\\redux\\generalReducer\\generalReducerTypes.js","statementMap":{"0":{"start":{"line":1,"column":34},"end":{"line":1,"column":54}}},"fnMap":{},"branchMap":{},"s":{"0":1},"f":{},"b":{},"_coverageSchema":"43e27e138ebf9cfc5966b082cf9a028302ed4184","hash":"b887aeda20fd71b592d757f1d49f0539fe4767ce"}
,"C:\\Users\\Rizky_P428\\Documents\\cdc-bootcamp-management-app\\container\\src\\styles\\globalStyles.js": {"path":"C:\\Users\\Rizky_P428\\Documents\\cdc-bootcamp-management-app\\container\\src\\styles\\globalStyles.js","statementMap":{"0":{"start":{"line":3,"column":21},"end":{"line":48,"column":3}},"1":{"start":{"line":3,"column":44},"end":{"line":48,"column":1}}},"fnMap":{"0":{"name":"(anonymous_0)","decl":{"start":{"line":3,"column":32},"end":{"line":3,"column":33}},"loc":{"start":{"line":3,"column":44},"end":{"line":48,"column":1}},"line":3}},"branchMap":{"0":{"loc":{"start":{"line":28,"column":8},"end":{"line":30,"column":35}},"type":"cond-expr","locations":[{"start":{"line":29,"column":12},"end":{"line":29,"column":35}},{"start":{"line":30,"column":12},"end":{"line":30,"column":35}}],"line":28}},"s":{"0":1,"1":1},"f":{"0":1},"b":{"0":[1,0]},"_coverageSchema":"43e27e138ebf9cfc5966b082cf9a028302ed4184","hash":"4698a2beeb52a0a1eb0d7ddb55e530e934556435"}
}
