TN:
SF:C:\Users\Rizky_P428\Documents\cdc-bootcamp-management-app\container\src\components\common\Header\index.js
FN:10,Header
FN:13,(anonymous_1)
FNF:2
FNH:1
FNDA:1,Header
FNDA:0,(anonymous_1)
DA:11,1
DA:13,1
DA:14,0
DA:15,0
DA:19,1
LF:5
LH:3
BRDA:14,0,0,0
BRDA:14,0,1,0
BRDA:14,1,0,0
BRDA:14,1,1,0
BRF:4
BRH:0
end_of_record
TN:
SF:C:\Users\Rizky_P428\Documents\cdc-bootcamp-management-app\container\src\pages\Dashboard\Dashboard.js
FN:27,(anonymous_0)
FN:28,Copyright
FN:43,(anonymous_2)
FN:122,Dashboard
FN:125,(anonymous_4)
FN:128,(anonymous_5)
FN:243,(anonymous_6)
FN:247,(anonymous_7)
FN:251,(anonymous_8)
FN:253,(anonymous_9)
FN:254,(anonymous_10)
FNF:11
FNH:2
FNDA:0,(anonymous_0)
FNDA:0,Copyright
FNDA:1,(anonymous_2)
FNDA:1,Dashboard
FNDA:0,(anonymous_4)
FNDA:0,(anonymous_5)
FNDA:0,(anonymous_6)
FNDA:0,(anonymous_7)
FNDA:0,(anonymous_8)
FNDA:0,(anonymous_9)
FNDA:0,(anonymous_10)
DA:27,1
DA:29,0
DA:41,1
DA:43,1
DA:123,1
DA:124,1
DA:125,1
DA:126,0
DA:128,1
DA:129,0
DA:131,1
DA:134,1
DA:185,1
DA:243,0
DA:247,0
DA:251,0
DA:253,0
DA:254,0
LF:18
LH:10
BRDA:190,0,0,1
BRDA:190,0,1,1
BRDA:200,1,0,1
BRDA:200,1,1,1
BRDA:225,2,0,1
BRDA:225,2,1,0
BRF:6
BRH:5
end_of_record
TN:
SF:C:\Users\Rizky_P428\Documents\cdc-bootcamp-management-app\container\src\pages\Dashboard\index.js
FNF:0
FNH:0
LF:0
LH:0
BRF:0
BRH:0
end_of_record
TN:
SF:C:\Users\Rizky_P428\Documents\cdc-bootcamp-management-app\container\src\redux\rootReducer.js
FNF:0
FNH:0
DA:4,1
LF:1
LH:1
BRF:0
BRH:0
end_of_record
TN:
SF:C:\Users\Rizky_P428\Documents\cdc-bootcamp-management-app\container\src\redux\dashboard\dashboardReducer.js
FN:15,(anonymous_0)
FNF:1
FNH:1
FNDA:3,(anonymous_0)
DA:3,1
DA:15,1
DA:16,3
DA:18,0
DA:26,0
DA:34,0
DA:42,3
LF:7
LH:4
BRDA:15,0,0,3
BRDA:16,1,0,0
BRDA:16,1,1,0
BRDA:16,1,2,0
BRDA:16,1,3,3
BRF:5
BRH:2
end_of_record
TN:
SF:C:\Users\Rizky_P428\Documents\cdc-bootcamp-management-app\container\src\redux\dashboard\dashboardReducerTypes.js
FNF:0
FNH:0
DA:1,1
DA:2,1
DA:3,1
LF:3
LH:3
BRF:0
BRH:0
end_of_record
TN:
SF:C:\Users\Rizky_P428\Documents\cdc-bootcamp-management-app\container\src\redux\generalReducer\generalReducer.js
FN:7,(anonymous_0)
FNF:1
FNH:1
FNDA:3,(anonymous_0)
DA:3,1
DA:7,1
DA:8,3
DA:10,0
DA:18,3
LF:5
LH:4
BRDA:7,0,0,3
BRDA:8,1,0,0
BRDA:8,1,1,3
BRF:3
BRH:2
end_of_record
TN:
SF:C:\Users\Rizky_P428\Documents\cdc-bootcamp-management-app\container\src\redux\generalReducer\generalReducerTypes.js
FNF:0
FNH:0
DA:1,1
LF:1
LH:1
BRF:0
BRH:0
end_of_record
TN:
SF:C:\Users\Rizky_P428\Documents\cdc-bootcamp-management-app\container\src\styles\globalStyles.js
FN:3,(anonymous_0)
FNF:1
FNH:1
FNDA:1,(anonymous_0)
DA:3,1
LF:1
LH:1
BRDA:28,0,0,1
BRDA:28,0,1,0
BRF:2
BRH:1
end_of_record
